<?xml version="1.0" encoding="UTF-8"?>
<testng-results skipped="0" failed="1" total="1" passed="0">
  <reporter-output>
  </reporter-output>
  <suite name="Default suite" duration-ms="87944" started-at="2016-03-01T09:41:52Z" finished-at="2016-03-01T09:43:20Z">
    <groups>
    </groups>
    <test name="Default test" duration-ms="87944" started-at="2016-03-01T09:41:52Z" finished-at="2016-03-01T09:43:20Z">
      <class name="com.james.service.ViewSpaceServiceTest">
        <test-method status="PASS" signature="unitilsBeforeClass()[pri:0, instance:com.james.service.ViewSpaceServiceTest@67635d96]" name="unitilsBeforeClass" is-config="true" duration-ms="67" started-at="2016-03-01T17:41:52Z" finished-at="2016-03-01T17:41:52Z">
          <reporter-output>
          </reporter-output>
        </test-method> <!-- unitilsBeforeClass -->
        <test-method status="PASS" signature="unitilsBeforeTestSetUp(java.lang.reflect.Method)[pri:0, instance:com.james.service.ViewSpaceServiceTest@67635d96]" name="unitilsBeforeTestSetUp" is-config="true" duration-ms="1241" started-at="2016-03-01T17:41:52Z" finished-at="2016-03-01T17:41:54Z">
          <params>
            <param index="0">
              <value>
                <![CDATA[public void com.james.service.ViewSpaceServiceTest.testQueryViewSpaceByNameNoExcel()]]>
              </value>
            </param>
          </params>
          <reporter-output>
          </reporter-output>
        </test-method> <!-- unitilsBeforeTestSetUp -->
        <test-method status="FAIL" signature="testQueryViewSpaceByNameNoExcel()[pri:0, instance:com.james.service.ViewSpaceServiceTest@67635d96]" name="testQueryViewSpaceByNameNoExcel" duration-ms="86621" started-at="2016-03-01T17:41:54Z" finished-at="2016-03-01T17:43:20Z">
          <exception class="java.lang.AssertionError">
            <message>
              <![CDATA[expected [true] but found [false]]]>
            </message>
            <full-stacktrace>
              <![CDATA[java.lang.AssertionError: expected [true] but found [false]
	at org.testng.Assert.fail(Assert.java:94)
	at org.testng.Assert.failNotEquals(Assert.java:513)
	at org.testng.Assert.assertTrue(Assert.java:42)
	at org.testng.Assert.assertTrue(Assert.java:52)
	at com.james.service.ViewSpaceServiceTest.testQueryViewSpaceByNameNoExcel(ViewSpaceServiceTest.java:47)
	at sun.reflect.NativeMethodAccessorImpl.invoke0(Native Method)
	at sun.reflect.NativeMethodAccessorImpl.invoke(NativeMethodAccessorImpl.java:57)
	at sun.reflect.DelegatingMethodAccessorImpl.invoke(DelegatingMethodAccessorImpl.java:43)
	at java.lang.reflect.Method.invoke(Method.java:606)
	at org.testng.internal.MethodInvocationHelper.invokeMethod(MethodInvocationHelper.java:86)
	at org.testng.internal.MethodInvocationHelper$1.runTestMethod(MethodInvocationHelper.java:197)
	at org.unitils.UnitilsTestNG.run(UnitilsTestNG.java:103)
	at org.testng.internal.MethodInvocationHelper.invokeHookable(MethodInvocationHelper.java:209)
	at org.testng.internal.Invoker.invokeMethod(Invoker.java:641)
	at org.testng.internal.Invoker.invokeTestMethod(Invoker.java:822)
	at org.testng.internal.Invoker.invokeTestMethods(Invoker.java:1130)
	at org.testng.internal.TestMethodWorker.invokeTestMethods(TestMethodWorker.java:129)
	at org.testng.internal.TestMethodWorker.run(TestMethodWorker.java:112)
	at org.testng.TestRunner.privateRun(TestRunner.java:782)
	at org.testng.TestRunner.run(TestRunner.java:632)
	at org.testng.SuiteRunner.runTest(SuiteRunner.java:366)
	at org.testng.SuiteRunner.runSequentially(SuiteRunner.java:361)
	at org.testng.SuiteRunner.privateRun(SuiteRunner.java:319)
	at org.testng.SuiteRunner.run(SuiteRunner.java:268)
	at org.testng.SuiteRunnerWorker.runSuite(SuiteRunnerWorker.java:52)
	at org.testng.SuiteRunnerWorker.run(SuiteRunnerWorker.java:86)
	at org.testng.TestNG.runSuitesSequentially(TestNG.java:1244)
	at org.testng.TestNG.runSuitesLocally(TestNG.java:1169)
	at org.testng.TestNG.run(TestNG.java:1064)
	at org.testng.remote.RemoteTestNG.run(RemoteTestNG.java:113)
	at org.testng.remote.RemoteTestNG.initAndRun(RemoteTestNG.java:206)
	at org.testng.remote.RemoteTestNG.main(RemoteTestNG.java:177)
]]>
            </full-stacktrace>
          </exception> <!-- java.lang.AssertionError -->
          <reporter-output>
          </reporter-output>
        </test-method> <!-- testQueryViewSpaceByNameNoExcel -->
        <test-method status="PASS" signature="unitilsAfterTestTearDown(java.lang.reflect.Method)[pri:0, instance:com.james.service.ViewSpaceServiceTest@67635d96]" name="unitilsAfterTestTearDown" is-config="true" duration-ms="1" started-at="2016-03-01T17:43:20Z" finished-at="2016-03-01T17:43:20Z">
          <params>
            <param index="0">
              <value>
                <![CDATA[public void com.james.service.ViewSpaceServiceTest.testQueryViewSpaceByNameNoExcel()]]>
              </value>
            </param>
          </params>
          <reporter-output>
          </reporter-output>
        </test-method> <!-- unitilsAfterTestTearDown -->
      </class> <!-- com.james.service.ViewSpaceServiceTest -->
    </test> <!-- Default test -->
  </suite> <!-- Default suite -->
</testng-results>
